08-07-2020 @ 10:41:32 - Weight and cubage of the order: Array
(
    [weight] => 4
    [height] => 12
    [width] => 12
    [length] => 16
)

08-07-2020 @ 10:41:32 - Requesting Correios WebServices: http://ws.correios.com.br/calculador/CalcPrecoPrazo.aspx?nCdServico=04510&nCdEmpresa&sDsSenha&sCepDestino=37564000&sCepOrigem=37002190&nVlAltura=12&nVlLargura=12&nVlDiametro=0&nVlComprimento=16&nVlPeso=4&nCdFormato=1&sCdMaoPropria=N&nVlValorDeclarado=50&sCdAvisoRecebimento=N&StrRetorno=xml
08-07-2020 @ 10:41:33 - Correios WebServices response: SimpleXMLElement Object
(
    [cServico] => SimpleXMLElement Object
        (
            [Codigo] => 04510
            [Valor] => 32,79
            [PrazoEntrega] => 8
            [ValorSemAdicionais] => 32,20
            [ValorMaoPropria] => 0,00
            [ValorAvisoRecebimento] => 0,00
            [ValorValorDeclarado] => 0,59
            [EntregaDomiciliar] => S
            [EntregaSabado] => N
            [obsFim] => SimpleXMLElement Object
                (
                )

            [Erro] => 0
            [MsgErro] => SimpleXMLElement Object
                (
                )

        )

)

