08-19-2020 @ 14:10:28 - Requesting session ID...
08-19-2020 @ 14:10:30 - PagSeguro session is valid! The return is: SimpleXMLElement Object
(
    [id] => 5f7380513697415e8052b3dfff6e991b
)

08-19-2020 @ 17:38:20 - Requesting session ID...
08-19-2020 @ 17:38:21 - PagSeguro session is valid! The return is: SimpleXMLElement Object
(
    [id] => 3b35f57708f84ab89f932368e4825ed5
)

08-19-2020 @ 17:39:26 - Requesting session ID...
08-19-2020 @ 17:39:28 - PagSeguro session is valid! The return is: SimpleXMLElement Object
(
    [id] => 2c595283bb12402da602a7d9fc96e6fa
)

08-19-2020 @ 17:40:04 - Requesting session ID...
08-19-2020 @ 17:40:06 - PagSeguro session is valid! The return is: SimpleXMLElement Object
(
    [id] => 06c7a1a392a64cbaba6bfd7dc11b78f6
)

08-19-2020 @ 17:41:06 - Requesting direct payment for order 154 with the following data: <?xml version="1.0" encoding="UTF-8" standalone="yes"?>
<payment>
  <mode>default</mode>
  <method>creditCard</method>
  <currency>BRL</currency>
  <notificationURL><![CDATA[https://zaapery.com.br/wc-api/WC_PagSeguro_Gateway/]]></notificationURL>
  <items>
    <item>
      <id>1</id>
      <description><![CDATA[Pano]]></description>
      <amount>5.00</amount>
      <quantity>5</quantity>
    </item>
  </items>
  <reference><![CDATA[Zaapery-154]]></reference>
  <sender>
    <email><![CDATA[c22123016507182596452@sandbox.pagseguro.com.br]]></email>
    <documents>
      <document>
        <type>CPF</type>
        <value>02100072650</value>
      </document>
    </documents>
    <name><![CDATA[Matheus Lima]]></name>
    <phone>
      <areaCode>35</areaCode>
      <number>99875278</number>
    </phone>
    <hash>b7164262900d0855b7f5e4a26b23d248d87cfca3b66cb00252d94f011012d7f8</hash>
  </sender>
  <shipping>
    <type>3</type>
    <address>
      <street><![CDATA[Rua Tiradentes]]></street>
      <number>97</number>
      <district><![CDATA[Nossa Senhora Apr]]></district>
      <postalCode>37564000</postalCode>
      <city><![CDATA[Borda da Mata]]></city>
      <state>MG</state>
      <country>BRA</country>
    </address>
    <cost>34.79</cost>
  </shipping>
  <creditCard>
    <token>e15d2cbe8c8a4f2582d9eea3226114aa</token>
    <installment>
      <quantity>10</quantity>
      <value>7.01</value>
    </installment>
    <holder>
      <name><![CDATA[]]></name>
      <documents>
        <document>
          <type>CPF</type>
          <value></value>
        </document>
      </documents>
      <birthDate></birthDate>
      <phone>
        <areaCode></areaCode>
        <number></number>
      </phone>
    </holder>
    <billingAddress>
      <street><![CDATA[Rua Tiradentes]]></street>
      <number>97</number>
      <district><![CDATA[Nossa Senhora Apr]]></district>
      <city><![CDATA[Borda da Mata]]></city>
      <state>MG</state>
      <country>BRA</country>
      <postalCode>37564000</postalCode>
    </billingAddress>
  </creditCard>
</payment>

08-19-2020 @ 17:41:07 - An error occurred while generating the PagSeguro direct payment: Array
(
    [headers] => Requests_Utility_CaseInsensitiveDictionary Object
        (
            [data:protected] => Array
                (
                    [content-type] => application/xml;charset=ISO-8859-1
                    [content-length] => 252
                    [date] => Wed, 19 Aug 2020 20:41:07 GMT
                    [cache-control] => max-age=180
                    [expires] => Wed, 19 Aug 2020 20:44:06 GMT
                    [server] => Apache-Coyote/1.1
                    [vary] => Accept-Encoding,User-Agent
                    [x-cache] => Error from cloudfront
                    [via] => 1.1 67c5370c4ea2e5f9f865960e31ef2d86.cloudfront.net (CloudFront)
                    [x-amz-cf-pop] => SFO20-C1
                    [x-amz-cf-id] => NznQQ89VvdyIByrNHiuYMuZVzsdw1H2W15CVSQMdxf7sFbX5FM_Npw==
                )

        )

    [body] => <?xml version="1.0" encoding="ISO-8859-1" standalone="yes"?><errors><error><code>53045</code><message>credit card holder cpf is required.</message></error><error><code>53042</code><message>credit card holder name is required.</message></error></errors>
    [response] => Array
        (
            [code] => 400
            [message] => Bad Request
        )

    [cookies] => Array
        (
        )

    [filename] => 
    [http_response] => WP_HTTP_Requests_Response Object
        (
            [response:protected] => Requests_Response Object
                (
                    [body] => <?xml version="1.0" encoding="ISO-8859-1" standalone="yes"?><errors><error><code>53045</code><message>credit card holder cpf is required.</message></error><error><code>53042</code><message>credit card holder name is required.</message></error></errors>
                    [raw] => HTTP/1.1 400 Bad Request
Content-Type: application/xml;charset=ISO-8859-1
Content-Length: 252
Connection: close
Date: Wed, 19 Aug 2020 20:41:07 GMT
Cache-Control: max-age=180
Expires: Wed, 19 Aug 2020 20:44:06 GMT
Server: Apache-Coyote/1.1
Vary: Accept-Encoding,User-Agent
X-Cache: Error from cloudfront
Via: 1.1 67c5370c4ea2e5f9f865960e31ef2d86.cloudfront.net (CloudFront)
X-Amz-Cf-Pop: SFO20-C1
X-Amz-Cf-Id: NznQQ89VvdyIByrNHiuYMuZVzsdw1H2W15CVSQMdxf7sFbX5FM_Npw==

<?xml version="1.0" encoding="ISO-8859-1" standalone="yes"?><errors><error><code>53045</code><message>credit card holder cpf is required.</message></error><error><code>53042</code><message>credit card holder name is required.</message></error></errors>
                    [headers] => Requests_Response_Headers Object
                        (
                            [data:protected] => Array
                                (
                                    [content-type] => Array
                                        (
                                            [0] => application/xml;charset=ISO-8859-1
                                        )

                                    [content-length] => Array
                                        (
                                            [0] => 252
                                        )

                                    [date] => Array
                                        (
                                            [0] => Wed, 19 Aug 2020 20:41:07 GMT
                                        )

                                    [cache-control] => Array
                                        (
                                            [0] => max-age=180
                                        )

                                    [expires] => Array
                                        (
                                            [0] => Wed, 19 Aug 2020 20:44:06 GMT
                                        )

                                    [server] => Array
                                        (
                                            [0] => Apache-Coyote/1.1
                                        )

                                    [vary] => Array
                                        (
                                            [0] => Accept-Encoding,User-Agent
                                        )

                                    [x-cache] => Array
                                        (
                                            [0] => Error from cloudfront
                                        )

                                    [via] => Array
                                        (
                                            [0] => 1.1 67c5370c4ea2e5f9f865960e31ef2d86.cloudfront.net (CloudFront)
                                        )

                                    [x-amz-cf-pop] => Array
                                        (
                                            [0] => SFO20-C1
                                        )

                                    [x-amz-cf-id] => Array
                                        (
                                            [0] => NznQQ89VvdyIByrNHiuYMuZVzsdw1H2W15CVSQMdxf7sFbX5FM_Npw==
                                        )

                                )

                        )

                    [status_code] => 400
                    [protocol_version] => 1.1
                    [success] => 
                    [redirects] => 0
                    [url] => https://ws.sandbox.pagseguro.uol.com.br/v2/transactions?email=contatozaapery@gmail.com&token=A1139A8D72E147D3BF94796ECE4B292F
                    [history] => Array
                        (
                        )

                    [cookies] => Requests_Cookie_Jar Object
                        (
                            [cookies:protected] => Array
                                (
                                )

                        )

                )

            [filename:protected] => 
            [data] => 
            [headers] => 
            [status] => 
        )

)

08-19-2020 @ 17:42:03 - Requesting direct payment for order 154 with the following data: <?xml version="1.0" encoding="UTF-8" standalone="yes"?>
<payment>
  <mode>default</mode>
  <method>creditCard</method>
  <currency>BRL</currency>
  <notificationURL><![CDATA[https://zaapery.com.br/wc-api/WC_PagSeguro_Gateway/]]></notificationURL>
  <items>
    <item>
      <id>1</id>
      <description><![CDATA[Pano]]></description>
      <amount>5.00</amount>
      <quantity>5</quantity>
    </item>
  </items>
  <reference><![CDATA[Zaapery-154]]></reference>
  <sender>
    <email><![CDATA[c22123016507182596452@sandbox.pagseguro.com.br]]></email>
    <documents>
      <document>
        <type>CPF</type>
        <value>02100072650</value>
      </document>
    </documents>
    <name><![CDATA[Matheus Lima]]></name>
    <phone>
      <areaCode>35</areaCode>
      <number>99875278</number>
    </phone>
    <hash>b7164262900d0855b7f5e4a26b23d248d87cfca3b66cb00252d94f011012d7f8</hash>
  </sender>
  <shipping>
    <type>3</type>
    <address>
      <street><![CDATA[Rua Tiradentes]]></street>
      <number>97</number>
      <district><![CDATA[Nossa Senhora Apr]]></district>
      <postalCode>37564000</postalCode>
      <city><![CDATA[Borda da Mata]]></city>
      <state>MG</state>
      <country>BRA</country>
    </address>
    <cost>34.79</cost>
  </shipping>
  <creditCard>
    <token>b39b2cef075b4fabb4ace51676228dbe</token>
    <installment>
      <quantity>12</quantity>
      <value>6.00</value>
    </installment>
    <holder>
      <name><![CDATA[Teste]]></name>
      <documents>
        <document>
          <type>CPF</type>
          <value>11111111105</value>
        </document>
      </documents>
      <birthDate>00/00/0000</birthDate>
      <phone>
        <areaCode>00</areaCode>
        <number>000000000</number>
      </phone>
    </holder>
    <billingAddress>
      <street><![CDATA[Rua Tiradentes]]></street>
      <number>97</number>
      <district><![CDATA[Nossa Senhora Apr]]></district>
      <city><![CDATA[Borda da Mata]]></city>
      <state>MG</state>
      <country>BRA</country>
      <postalCode>37564000</postalCode>
    </billingAddress>
  </creditCard>
</payment>

08-19-2020 @ 17:42:05 - An error occurred while generating the PagSeguro direct payment: Array
(
    [headers] => Requests_Utility_CaseInsensitiveDictionary Object
        (
            [data:protected] => Array
                (
                    [content-type] => application/xml;charset=ISO-8859-1
                    [content-length] => 579
                    [date] => Wed, 19 Aug 2020 20:42:05 GMT
                    [cache-control] => max-age=180
                    [expires] => Wed, 19 Aug 2020 20:45:04 GMT
                    [server] => Apache-Coyote/1.1
                    [vary] => Accept-Encoding,User-Agent
                    [x-cache] => Error from cloudfront
                    [via] => 1.1 5b475307685b5cecdd0df414286f5438.cloudfront.net (CloudFront)
                    [x-amz-cf-pop] => SFO20-C1
                    [x-amz-cf-id] => hwcEU7F_bgL5sZ82KpDX6ia9BbBjs4C9tTREx3mH3BSi5gAtQRVzyA==
                )

        )

    [body] => <?xml version="1.0" encoding="ISO-8859-1" standalone="yes"?><errors><error><code>53050</code><message>credit card holder area code invalid value: 00</message></error><error><code>53052</code><message>credit card holder phone invalid value: 000000000</message></error><error><code>53048</code><message>credit card holder birthdate invalid value: 00/00/0000</message></error><error><code>53046</code><message>credit card holder cpf invalid value: 11111111105</message></error><error><code>53044</code><message>credit card holder name invalid value: Teste</message></error></errors>
    [response] => Array
        (
            [code] => 400
            [message] => Bad Request
        )

    [cookies] => Array
        (
        )

    [filename] => 
    [http_response] => WP_HTTP_Requests_Response Object
        (
            [response:protected] => Requests_Response Object
                (
                    [body] => <?xml version="1.0" encoding="ISO-8859-1" standalone="yes"?><errors><error><code>53050</code><message>credit card holder area code invalid value: 00</message></error><error><code>53052</code><message>credit card holder phone invalid value: 000000000</message></error><error><code>53048</code><message>credit card holder birthdate invalid value: 00/00/0000</message></error><error><code>53046</code><message>credit card holder cpf invalid value: 11111111105</message></error><error><code>53044</code><message>credit card holder name invalid value: Teste</message></error></errors>
                    [raw] => HTTP/1.1 400 Bad Request
Content-Type: application/xml;charset=ISO-8859-1
Content-Length: 579
Connection: close
Date: Wed, 19 Aug 2020 20:42:05 GMT
Cache-Control: max-age=180
Expires: Wed, 19 Aug 2020 20:45:04 GMT
Server: Apache-Coyote/1.1
Vary: Accept-Encoding,User-Agent
X-Cache: Error from cloudfront
Via: 1.1 5b475307685b5cecdd0df414286f5438.cloudfront.net (CloudFront)
X-Amz-Cf-Pop: SFO20-C1
X-Amz-Cf-Id: hwcEU7F_bgL5sZ82KpDX6ia9BbBjs4C9tTREx3mH3BSi5gAtQRVzyA==

<?xml version="1.0" encoding="ISO-8859-1" standalone="yes"?><errors><error><code>53050</code><message>credit card holder area code invalid value: 00</message></error><error><code>53052</code><message>credit card holder phone invalid value: 000000000</message></error><error><code>53048</code><message>credit card holder birthdate invalid value: 00/00/0000</message></error><error><code>53046</code><message>credit card holder cpf invalid value: 11111111105</message></error><error><code>53044</code><message>credit card holder name invalid value: Teste</message></error></errors>
                    [headers] => Requests_Response_Headers Object
                        (
                            [data:protected] => Array
                                (
                                    [content-type] => Array
                                        (
                                            [0] => application/xml;charset=ISO-8859-1
                                        )

                                    [content-length] => Array
                                        (
                                            [0] => 579
                                        )

                                    [date] => Array
                                        (
                                            [0] => Wed, 19 Aug 2020 20:42:05 GMT
                                        )

                                    [cache-control] => Array
                                        (
                                            [0] => max-age=180
                                        )

                                    [expires] => Array
                                        (
                                            [0] => Wed, 19 Aug 2020 20:45:04 GMT
                                        )

                                    [server] => Array
                                        (
                                            [0] => Apache-Coyote/1.1
                                        )

                                    [vary] => Array
                                        (
                                            [0] => Accept-Encoding,User-Agent
                                        )

                                    [x-cache] => Array
                                        (
                                            [0] => Error from cloudfront
                                        )

                                    [via] => Array
                                        (
                                            [0] => 1.1 5b475307685b5cecdd0df414286f5438.cloudfront.net (CloudFront)
                                        )

                                    [x-amz-cf-pop] => Array
                                        (
                                            [0] => SFO20-C1
                                        )

                                    [x-amz-cf-id] => Array
                                        (
                                            [0] => hwcEU7F_bgL5sZ82KpDX6ia9BbBjs4C9tTREx3mH3BSi5gAtQRVzyA==
                                        )

                                )

                        )

                    [status_code] => 400
                    [protocol_version] => 1.1
                    [success] => 
                    [redirects] => 0
                    [url] => https://ws.sandbox.pagseguro.uol.com.br/v2/transactions?email=contatozaapery@gmail.com&token=A1139A8D72E147D3BF94796ECE4B292F
                    [history] => Array
                        (
                        )

                    [cookies] => Requests_Cookie_Jar Object
                        (
                            [cookies:protected] => Array
                                (
                                )

                        )

                )

            [filename:protected] => 
            [data] => 
            [headers] => 
            [status] => 
        )

)

08-19-2020 @ 17:42:49 - Requesting direct payment for order 154 with the following data: <?xml version="1.0" encoding="UTF-8" standalone="yes"?>
<payment>
  <mode>default</mode>
  <method>creditCard</method>
  <currency>BRL</currency>
  <notificationURL><![CDATA[https://zaapery.com.br/wc-api/WC_PagSeguro_Gateway/]]></notificationURL>
  <items>
    <item>
      <id>1</id>
      <description><![CDATA[Pano]]></description>
      <amount>5.00</amount>
      <quantity>5</quantity>
    </item>
  </items>
  <reference><![CDATA[Zaapery-154]]></reference>
  <sender>
    <email><![CDATA[c22123016507182596452@sandbox.pagseguro.com.br]]></email>
    <documents>
      <document>
        <type>CPF</type>
        <value>02100072650</value>
      </document>
    </documents>
    <name><![CDATA[Matheus Lima]]></name>
    <phone>
      <areaCode>35</areaCode>
      <number>99875278</number>
    </phone>
    <hash>b7164262900d0855b7f5e4a26b23d248d87cfca3b66cb00252d94f011012d7f8</hash>
  </sender>
  <shipping>
    <type>3</type>
    <address>
      <street><![CDATA[Rua Tiradentes]]></street>
      <number>97</number>
      <district><![CDATA[Nossa Senhora Apr]]></district>
      <postalCode>37564000</postalCode>
      <city><![CDATA[Borda da Mata]]></city>
      <state>MG</state>
      <country>BRA</country>
    </address>
    <cost>34.79</cost>
  </shipping>
  <creditCard>
    <token>cac9a879b76a4f4cbc4db002de5a1be6</token>
    <installment>
      <quantity>12</quantity>
      <value>6.00</value>
    </installment>
    <holder>
      <name><![CDATA[Matheus Lima]]></name>
      <documents>
        <document>
          <type>CPF</type>
          <value>02100072650</value>
        </document>
      </documents>
      <birthDate>01/01/2000</birthDate>
      <phone>
        <areaCode>00</areaCode>
        <number>000000000</number>
      </phone>
    </holder>
    <billingAddress>
      <street><![CDATA[Rua Tiradentes]]></street>
      <number>97</number>
      <district><![CDATA[Nossa Senhora Apr]]></district>
      <city><![CDATA[Borda da Mata]]></city>
      <state>MG</state>
      <country>BRA</country>
      <postalCode>37564000</postalCode>
    </billingAddress>
  </creditCard>
</payment>

08-19-2020 @ 17:42:51 - An error occurred while generating the PagSeguro direct payment: Array
(
    [headers] => Requests_Utility_CaseInsensitiveDictionary Object
        (
            [data:protected] => Array
                (
                    [content-type] => application/xml;charset=ISO-8859-1
                    [content-length] => 276
                    [date] => Wed, 19 Aug 2020 20:42:51 GMT
                    [cache-control] => max-age=180
                    [expires] => Wed, 19 Aug 2020 20:45:50 GMT
                    [server] => Apache-Coyote/1.1
                    [vary] => Accept-Encoding,User-Agent
                    [x-cache] => Error from cloudfront
                    [via] => 1.1 a2f3f72865ff056225454005e6fdaae6.cloudfront.net (CloudFront)
                    [x-amz-cf-pop] => LAX50-C3
                    [x-amz-cf-id] => UXQTspswPe-hKqByBAPP1Lxr_RFLC1neZM50mjdpEpXz9FNxU8Uutw==
                )

        )

    [body] => <?xml version="1.0" encoding="ISO-8859-1" standalone="yes"?><errors><error><code>53052</code><message>credit card holder phone invalid value: 000000000</message></error><error><code>53050</code><message>credit card holder area code invalid value: 00</message></error></errors>
    [response] => Array
        (
            [code] => 400
            [message] => Bad Request
        )

    [cookies] => Array
        (
        )

    [filename] => 
    [http_response] => WP_HTTP_Requests_Response Object
        (
            [response:protected] => Requests_Response Object
                (
                    [body] => <?xml version="1.0" encoding="ISO-8859-1" standalone="yes"?><errors><error><code>53052</code><message>credit card holder phone invalid value: 000000000</message></error><error><code>53050</code><message>credit card holder area code invalid value: 00</message></error></errors>
                    [raw] => HTTP/1.1 400 Bad Request
Content-Type: application/xml;charset=ISO-8859-1
Content-Length: 276
Connection: close
Date: Wed, 19 Aug 2020 20:42:51 GMT
Cache-Control: max-age=180
Expires: Wed, 19 Aug 2020 20:45:50 GMT
Server: Apache-Coyote/1.1
Vary: Accept-Encoding,User-Agent
X-Cache: Error from cloudfront
Via: 1.1 a2f3f72865ff056225454005e6fdaae6.cloudfront.net (CloudFront)
X-Amz-Cf-Pop: LAX50-C3
X-Amz-Cf-Id: UXQTspswPe-hKqByBAPP1Lxr_RFLC1neZM50mjdpEpXz9FNxU8Uutw==

<?xml version="1.0" encoding="ISO-8859-1" standalone="yes"?><errors><error><code>53052</code><message>credit card holder phone invalid value: 000000000</message></error><error><code>53050</code><message>credit card holder area code invalid value: 00</message></error></errors>
                    [headers] => Requests_Response_Headers Object
                        (
                            [data:protected] => Array
                                (
                                    [content-type] => Array
                                        (
                                            [0] => application/xml;charset=ISO-8859-1
                                        )

                                    [content-length] => Array
                                        (
                                            [0] => 276
                                        )

                                    [date] => Array
                                        (
                                            [0] => Wed, 19 Aug 2020 20:42:51 GMT
                                        )

                                    [cache-control] => Array
                                        (
                                            [0] => max-age=180
                                        )

                                    [expires] => Array
                                        (
                                            [0] => Wed, 19 Aug 2020 20:45:50 GMT
                                        )

                                    [server] => Array
                                        (
                                            [0] => Apache-Coyote/1.1
                                        )

                                    [vary] => Array
                                        (
                                            [0] => Accept-Encoding,User-Agent
                                        )

                                    [x-cache] => Array
                                        (
                                            [0] => Error from cloudfront
                                        )

                                    [via] => Array
                                        (
                                            [0] => 1.1 a2f3f72865ff056225454005e6fdaae6.cloudfront.net (CloudFront)
                                        )

                                    [x-amz-cf-pop] => Array
                                        (
                                            [0] => LAX50-C3
                                        )

                                    [x-amz-cf-id] => Array
                                        (
                                            [0] => UXQTspswPe-hKqByBAPP1Lxr_RFLC1neZM50mjdpEpXz9FNxU8Uutw==
                                        )

                                )

                        )

                    [status_code] => 400
                    [protocol_version] => 1.1
                    [success] => 
                    [redirects] => 0
                    [url] => https://ws.sandbox.pagseguro.uol.com.br/v2/transactions?email=contatozaapery@gmail.com&token=A1139A8D72E147D3BF94796ECE4B292F
                    [history] => Array
                        (
                        )

                    [cookies] => Requests_Cookie_Jar Object
                        (
                            [cookies:protected] => Array
                                (
                                )

                        )

                )

            [filename:protected] => 
            [data] => 
            [headers] => 
            [status] => 
        )

)

08-19-2020 @ 17:45:44 - Requesting direct payment for order 154 with the following data: <?xml version="1.0" encoding="UTF-8" standalone="yes"?>
<payment>
  <mode>default</mode>
  <method>creditCard</method>
  <currency>BRL</currency>
  <notificationURL><![CDATA[https://zaapery.com.br/wc-api/WC_PagSeguro_Gateway/]]></notificationURL>
  <items>
    <item>
      <id>1</id>
      <description><![CDATA[Pano]]></description>
      <amount>5.00</amount>
      <quantity>5</quantity>
    </item>
  </items>
  <reference><![CDATA[Zaapery-154]]></reference>
  <sender>
    <email><![CDATA[c22123016507182596452@sandbox.pagseguro.com.br]]></email>
    <documents>
      <document>
        <type>CPF</type>
        <value>02100072650</value>
      </document>
    </documents>
    <name><![CDATA[Matheus Lima]]></name>
    <phone>
      <areaCode>35</areaCode>
      <number>99875278</number>
    </phone>
    <hash>b7164262900d0855b7f5e4a26b23d248d87cfca3b66cb00252d94f011012d7f8</hash>
  </sender>
  <shipping>
    <type>3</type>
    <address>
      <street><![CDATA[Rua Tiradentes]]></street>
      <number>97</number>
      <district><![CDATA[Nossa Senhora Apr]]></district>
      <postalCode>37564000</postalCode>
      <city><![CDATA[Borda da Mata]]></city>
      <state>MG</state>
      <country>BRA</country>
    </address>
    <cost>34.79</cost>
  </shipping>
  <creditCard>
    <token>75633642d1c345c288eed18123068857</token>
    <installment>
      <quantity>12</quantity>
      <value>6.00</value>
    </installment>
    <holder>
      <name><![CDATA[Matheus Lima]]></name>
      <documents>
        <document>
          <type>CPF</type>
          <value>02100072650</value>
        </document>
      </documents>
      <birthDate>01/01/2000</birthDate>
      <phone>
        <areaCode>35</areaCode>
        <number>99875278</number>
      </phone>
    </holder>
    <billingAddress>
      <street><![CDATA[Rua Tiradentes]]></street>
      <number>97</number>
      <district><![CDATA[Nossa Senhora Apr]]></district>
      <city><![CDATA[Borda da Mata]]></city>
      <state>MG</state>
      <country>BRA</country>
      <postalCode>37564000</postalCode>
    </billingAddress>
  </creditCard>
</payment>

08-19-2020 @ 17:45:48 - PagSeguro direct payment created successfully!
08-19-2020 @ 17:45:48 - PagSeguro payment status for order 154 is: 1
